<?xml version="1.0" encoding="UTF-8"?>
<testsuite name="com.jatp.core.model.DomainModelTest" tests="5" skipped="0" failures="0" errors="0" timestamp="2026-05-25T08:57:51.395Z" hostname="Tanmayas-MacBook-Air.local" time="0.151">
  <properties/>
  <testcase name="testScreenSerialization()" classname="com.jatp.core.model.DomainModelTest" time="0.052"/>
  <testcase name="testTestCaseSerialization()" classname="com.jatp.core.model.DomainModelTest" time="0.012"/>
  <testcase name="testAppStateSerialization()" classname="com.jatp.core.model.DomainModelTest" time="0.007"/>
  <testcase name="testNullSafety()" classname="com.jatp.core.model.DomainModelTest" time="0.001"/>
  <testcase name="testImmutability()" classname="com.jatp.core.model.DomainModelTest" time="0.0"/>
  <system-out><![CDATA[]]></system-out>
  <system-err><![CDATA[]]></system-err>
</testsuite>
